<?xml version="1.0" encoding="UTF-8"?>
<testsuite name="pl.allegro.tech.build.axion.release.domain.hooks.ReleaseHooksRunnerTest" tests="2" skipped="0" failures="0" errors="0" timestamp="2017-05-29T16:14:59" hostname="TomekBook.local" time="0.056">
  <properties/>
  <testcase name="should run all pre-release jobs" classname="pl.allegro.tech.build.axion.release.domain.hooks.ReleaseHooksRunnerTest" time="0.044"/>
  <testcase name="should run all post-release jobs" classname="pl.allegro.tech.build.axion.release.domain.hooks.ReleaseHooksRunnerTest" time="0.011"/>
  <system-out><![CDATA[]]></system-out>
  <system-err><![CDATA[]]></system-err>
</testsuite>
