<?xml version="1.0" encoding="UTF-8"?>
<testsuite name="pl.allegro.tech.build.axion.release.domain.hooks.CommitHookActionTest" tests="1" skipped="0" failures="0" errors="0" timestamp="2017-05-29T16:14:57" hostname="TomekBook.local" time="2.048">
  <properties/>
  <testcase name="should commit files matching patterns with given message" classname="pl.allegro.tech.build.axion.release.domain.hooks.CommitHookActionTest" time="2.048"/>
  <system-out><![CDATA[]]></system-out>
  <system-err><![CDATA[]]></system-err>
</testsuite>
