<?xml version="1.0" encoding="UTF-8"?>
<testsuite name="pl.allegro.tech.build.axion.release.infrastructure.git.SimpleCredentialsProviderTest" tests="1" skipped="0" failures="0" errors="0" timestamp="2017-05-29T16:15:05" hostname="TomekBook.local" time="0.016">
  <properties/>
  <testcase name="should provide username and password" classname="pl.allegro.tech.build.axion.release.infrastructure.git.SimpleCredentialsProviderTest" time="0.016"/>
  <system-out><![CDATA[]]></system-out>
  <system-err><![CDATA[]]></system-err>
</testsuite>
