<?xml version="1.0" encoding="UTF-8"?>
<testsuite name="pl.allegro.tech.build.axion.release.domain.hooks.SimpleReleaseHookActionTest" tests="1" skipped="0" failures="0" errors="0" timestamp="2017-05-29T16:14:59" hostname="TomekBook.local" time="0.006">
  <properties/>
  <testcase name="should run specified closure" classname="pl.allegro.tech.build.axion.release.domain.hooks.SimpleReleaseHookActionTest" time="0.006"/>
  <system-out><![CDATA[]]></system-out>
  <system-err><![CDATA[]]></system-err>
</testsuite>
