<?xml version="1.0" encoding="UTF-8"?>
<testsuite name="pl.allegro.tech.build.axion.release.domain.PredefinedVersionCreatorTest" tests="5" skipped="0" failures="0" errors="0" timestamp="2017-05-29T16:14:59" hostname="TomekBook.local" time="0.019">
  <properties/>
  <testcase name="default version creator should just return version string" classname="pl.allegro.tech.build.axion.release.domain.PredefinedVersionCreatorTest" time="0.001"/>
  <testcase name="versionWithBranch version creator should return simple version when on master" classname="pl.allegro.tech.build.axion.release.domain.PredefinedVersionCreatorTest" time="0.001"/>
  <testcase name="versionWithBranch version creator should return version with appended branch name when not on master" classname="pl.allegro.tech.build.axion.release.domain.PredefinedVersionCreatorTest" time="0.001"/>
  <testcase name="should return version creator of given type" classname="pl.allegro.tech.build.axion.release.domain.PredefinedVersionCreatorTest" time="0.005"/>
  <testcase name="should throw exception when trying to obtain undefined version creator" classname="pl.allegro.tech.build.axion.release.domain.PredefinedVersionCreatorTest" time="0.009"/>
  <system-out><![CDATA[]]></system-out>
  <system-err><![CDATA[]]></system-err>
</testsuite>
