<?xml version="1.0" encoding="UTF-8"?>
<testsuite name="pl.allegro.tech.build.axion.release.domain.VersionFactoryTest" tests="10" skipped="0" failures="0" errors="0" timestamp="2017-05-29T16:15:02" hostname="TomekBook.local" time="0.025">
  <properties/>
  <testcase name="should return current version read from tag" classname="pl.allegro.tech.build.axion.release.domain.VersionFactoryTest" time="0.002"/>
  <testcase name="should deserialize nextVersion before deserializing version when on nextVersion tag" classname="pl.allegro.tech.build.axion.release.domain.VersionFactoryTest" time="0.002"/>
  <testcase name="should create initial version" classname="pl.allegro.tech.build.axion.release.domain.VersionFactoryTest" time="0.002"/>
  <testcase name="should increment patch version when not on tag when creating final version on default settings" classname="pl.allegro.tech.build.axion.release.domain.VersionFactoryTest" time="0.004"/>
  <testcase name="should return forced version when forcing is on" classname="pl.allegro.tech.build.axion.release.domain.VersionFactoryTest" time="0.003"/>
  <testcase name="should not increment patch version when being on position after next version tag" classname="pl.allegro.tech.build.axion.release.domain.VersionFactoryTest" time="0.002"/>
  <testcase name="should not increment patch version when on tag and there are uncommitted changes but they are ignored (default)" classname="pl.allegro.tech.build.axion.release.domain.VersionFactoryTest" time="0.003"/>
  <testcase name="should increment patch version when there are uncommitted changes and not ignoring them, even when on tag" classname="pl.allegro.tech.build.axion.release.domain.VersionFactoryTest" time="0.002"/>
  <testcase name="should increment version when forced snapshot is on" classname="pl.allegro.tech.build.axion.release.domain.VersionFactoryTest" time="0.002"/>
  <testcase name="should not increment version when this is initial version" classname="pl.allegro.tech.build.axion.release.domain.VersionFactoryTest" time="0.002"/>
  <system-out><![CDATA[]]></system-out>
  <system-err><![CDATA[]]></system-err>
</testsuite>
