<?xml version="1.0" encoding="UTF-8"?>
<testsuite name="pl.allegro.tech.build.axion.release.domain.NextVersionSerializerTest" tests="2" skipped="0" failures="0" errors="0" timestamp="2017-05-29T16:14:59" hostname="TomekBook.local" time="0.006">
  <properties/>
  <testcase name="default serializer should append separator and suffix" classname="pl.allegro.tech.build.axion.release.domain.NextVersionSerializerTest" time="0.002"/>
  <testcase name="default deserializer should trim separator and suffix" classname="pl.allegro.tech.build.axion.release.domain.NextVersionSerializerTest" time="0.003"/>
  <system-out><![CDATA[]]></system-out>
  <system-err><![CDATA[]]></system-err>
</testsuite>
