<?xml version="1.0" encoding="UTF-8"?>
<testsuite name="pl.allegro.tech.build.axion.release.infrastructure.config.TagPropertiesFactoryTest" tests="2" skipped="0" failures="0" errors="0" timestamp="2017-05-29T16:15:04" hostname="TomekBook.local" time="0.02">
  <properties/>
  <testcase name="should pick default prefix if none branch prefixes match" classname="pl.allegro.tech.build.axion.release.infrastructure.config.TagPropertiesFactoryTest" time="0.014"/>
  <testcase name="should pick prefix suitable for current branch if defined in per branch prefixes" classname="pl.allegro.tech.build.axion.release.infrastructure.config.TagPropertiesFactoryTest" time="0.006"/>
  <system-out><![CDATA[]]></system-out>
  <system-err><![CDATA[]]></system-err>
</testsuite>
