<?xml version="1.0" encoding="UTF-8"?>
<testsuite name="pl.allegro.tech.build.axion.release.domain.VersionServiceTest" tests="7" skipped="0" failures="0" errors="0" timestamp="2017-05-29T16:15:03" hostname="TomekBook.local" time="0.355">
  <properties/>
  <testcase name="should return stable version when on tag" classname="pl.allegro.tech.build.axion.release.domain.VersionServiceTest" time="0.163"/>
  <testcase name="should return snapshot version with increased patch when forcing snapshot" classname="pl.allegro.tech.build.axion.release.domain.VersionServiceTest" time="0.007"/>
  <testcase name="should return snapshot version with increased patch when not on tag" classname="pl.allegro.tech.build.axion.release.domain.VersionServiceTest" time="0.006"/>
  <testcase name="should return snapshot version with increased patch when on tag but there are uncommitted changes" classname="pl.allegro.tech.build.axion.release.domain.VersionServiceTest" time="0.005"/>
  <testcase name="should return both decorated and undecorated version" classname="pl.allegro.tech.build.axion.release.domain.VersionServiceTest" time="0.006"/>
  <testcase name="should sanitize version if flag is set to true" classname="pl.allegro.tech.build.axion.release.domain.VersionServiceTest" time="0.009"/>
  <testcase name="should not sanitize version if flag is set to false" classname="pl.allegro.tech.build.axion.release.domain.VersionServiceTest" time="0.158"/>
  <system-out><![CDATA[]]></system-out>
  <system-err><![CDATA[]]></system-err>
</testsuite>
